c:\jdubb\workspaces\homer2\PACKAGES\AtlasViewerGUI\AtlasViewerGUI.m
c:\jdubb\workspaces\homer2\PACKAGES\AtlasViewerGUI\AtlasViewerGUI_enableDisable.m
c:\jdubb\workspaces\homer2\PACKAGES\AtlasViewerGUI\AtlasViewerGUI_version.m
c:\jdubb\workspaces\homer2\PACKAGES\AtlasViewerGUI\Axesv\displayAxesv.m
c:\jdubb\workspaces\homer2\PACKAGES\AtlasViewerGUI\Axesv\initAxesv.m
c:\jdubb\workspaces\homer2\PACKAGES\AtlasViewerGUI\Axesv\rotDown.m
c:\jdubb\workspaces\homer2\PACKAGES\AtlasViewerGUI\Axesv\rotHorizontalLeft.m
c:\jdubb\workspaces\homer2\PACKAGES\AtlasViewerGUI\Axesv\rotHorizontalRight.m
c:\jdubb\workspaces\homer2\PACKAGES\AtlasViewerGUI\Axesv\rotUp.m
c:\jdubb\workspaces\homer2\PACKAGES\AtlasViewerGUI\Axesv\rotVerticalLeft.m
c:\jdubb\workspaces\homer2\PACKAGES\AtlasViewerGUI\Axesv\rotVerticalRight.m
c:\jdubb\workspaces\homer2\PACKAGES\AtlasViewerGUI\Axesv\setLighting.m
c:\jdubb\workspaces\homer2\PACKAGES\AtlasViewerGUI\Axesv\setOrientation.m
c:\jdubb\workspaces\homer2\PACKAGES\AtlasViewerGUI\Axesv\viewOrigin.m
c:\jdubb\workspaces\homer2\PACKAGES\AtlasViewerGUI\Digpts\disableDigpts.m
c:\jdubb\workspaces\homer2\PACKAGES\AtlasViewerGUI\Digpts\displayDigpts.m
c:\jdubb\workspaces\homer2\PACKAGES\AtlasViewerGUI\Digpts\existDigpts.m
c:\jdubb\workspaces\homer2\PACKAGES\AtlasViewerGUI\Digpts\getDigpts.m
c:\jdubb\workspaces\homer2\PACKAGES\AtlasViewerGUI\Digpts\initDigpts.m
c:\jdubb\workspaces\homer2\PACKAGES\AtlasViewerGUI\Digpts\resetDigpts.m
c:\jdubb\workspaces\homer2\PACKAGES\AtlasViewerGUI\Digpts\saveDigpts.m
c:\jdubb\workspaces\homer2\PACKAGES\AtlasViewerGUI\ForwardModel\displayFluenceProf.m
c:\jdubb\workspaces\homer2\PACKAGES\AtlasViewerGUI\ForwardModel\displaySensitivity.m
c:\jdubb\workspaces\homer2\PACKAGES\AtlasViewerGUI\ForwardModel\enableDisableMCoutputGraphics.m
c:\jdubb\workspaces\homer2\PACKAGES\AtlasViewerGUI\ForwardModel\enableFwmodelDisplay.m
c:\jdubb\workspaces\homer2\PACKAGES\AtlasViewerGUI\ForwardModel\enableMCGenGuiControls.m
c:\jdubb\workspaces\homer2\PACKAGES\AtlasViewerGUI\ForwardModel\enableSensitivityMatrixVolume.m
c:\jdubb\workspaces\homer2\PACKAGES\AtlasViewerGUI\ForwardModel\existMCOutput.m
c:\jdubb\workspaces\homer2\PACKAGES\AtlasViewerGUI\ForwardModel\findMCapp.m
c:\jdubb\workspaces\homer2\PACKAGES\AtlasViewerGUI\ForwardModel\genFluenceProfile.m
c:\jdubb\workspaces\homer2\PACKAGES\AtlasViewerGUI\ForwardModel\genFluenceProfile_brain.m
c:\jdubb\workspaces\homer2\PACKAGES\AtlasViewerGUI\ForwardModel\genFluenceProfile_scalp.m
c:\jdubb\workspaces\homer2\PACKAGES\AtlasViewerGUI\ForwardModel\genMCinput.m
c:\jdubb\workspaces\homer2\PACKAGES\AtlasViewerGUI\ForwardModel\genMCoutput.m
c:\jdubb\workspaces\homer2\PACKAGES\AtlasViewerGUI\ForwardModel\genSensitivityProfile.m
c:\jdubb\workspaces\homer2\PACKAGES\AtlasViewerGUI\ForwardModel\genSensitivityProfileFromFluenceProf.m
c:\jdubb\workspaces\homer2\PACKAGES\AtlasViewerGUI\ForwardModel\getFwmodel.m
c:\jdubb\workspaces\homer2\PACKAGES\AtlasViewerGUI\ForwardModel\getMCoutputExt.m
c:\jdubb\workspaces\homer2\PACKAGES\AtlasViewerGUI\ForwardModel\get_tiss_prop.m
c:\jdubb\workspaces\homer2\PACKAGES\AtlasViewerGUI\ForwardModel\initFluenceProf.m
c:\jdubb\workspaces\homer2\PACKAGES\AtlasViewerGUI\ForwardModel\initFwmodel.m
c:\jdubb\workspaces\homer2\PACKAGES\AtlasViewerGUI\ForwardModel\isFluenceProfEmpty.m
c:\jdubb\workspaces\homer2\PACKAGES\AtlasViewerGUI\ForwardModel\isMCRunning.m
c:\jdubb\workspaces\homer2\PACKAGES\AtlasViewerGUI\ForwardModel\isMCapp.m
c:\jdubb\workspaces\homer2\PACKAGES\AtlasViewerGUI\ForwardModel\isregisteredFwmodel.m
c:\jdubb\workspaces\homer2\PACKAGES\AtlasViewerGUI\ForwardModel\loadFluenceProf.m
c:\jdubb\workspaces\homer2\PACKAGES\AtlasViewerGUI\ForwardModel\load_tMCimg_2pt.m
c:\jdubb\workspaces\homer2\PACKAGES\AtlasViewerGUI\ForwardModel\loadmc2.m
c:\jdubb\workspaces\homer2\PACKAGES\AtlasViewerGUI\ForwardModel\mcAppList.m
c:\jdubb\workspaces\homer2\PACKAGES\AtlasViewerGUI\ForwardModel\projVoltoMesh_brain.m
c:\jdubb\workspaces\homer2\PACKAGES\AtlasViewerGUI\ForwardModel\projVoltoMesh_scalp.m
c:\jdubb\workspaces\homer2\PACKAGES\AtlasViewerGUI\ForwardModel\read_tMCimg_inp.m
c:\jdubb\workspaces\homer2\PACKAGES\AtlasViewerGUI\ForwardModel\resetFwmodel.m
c:\jdubb\workspaces\homer2\PACKAGES\AtlasViewerGUI\ForwardModel\resetSensitivity.m
c:\jdubb\workspaces\homer2\PACKAGES\AtlasViewerGUI\ForwardModel\saveFluenceProf.m
c:\jdubb\workspaces\homer2\PACKAGES\AtlasViewerGUI\ForwardModel\searchDirForMCApp.m
c:\jdubb\workspaces\homer2\PACKAGES\AtlasViewerGUI\ForwardModel\setMCoptions.m
c:\jdubb\workspaces\homer2\PACKAGES\AtlasViewerGUI\ForwardModel\setSensitivityColormap.m
c:\jdubb\workspaces\homer2\PACKAGES\AtlasViewerGUI\ForwardModel\showFwmodelDisplay.m
c:\jdubb\workspaces\homer2\PACKAGES\AtlasViewerGUI\Group\findSubjDirs.m
c:\jdubb\workspaces\homer2\PACKAGES\AtlasViewerGUI\Guiobj\restoreObject.m
c:\jdubb\workspaces\homer2\PACKAGES\AtlasViewerGUI\Guiobj\saveObjects.m
c:\jdubb\workspaces\homer2\PACKAGES\AtlasViewerGUI\Headsurf\displayHeadsurf.m
c:\jdubb\workspaces\homer2\PACKAGES\AtlasViewerGUI\Headsurf\existsHeadsurf.m
c:\jdubb\workspaces\homer2\PACKAGES\AtlasViewerGUI\Headsurf\getHeadsurf.m
c:\jdubb\workspaces\homer2\PACKAGES\AtlasViewerGUI\Headsurf\initHeadsurf.m
c:\jdubb\workspaces\homer2\PACKAGES\AtlasViewerGUI\Headsurf\saveHeadsurf.m
c:\jdubb\workspaces\homer2\PACKAGES\AtlasViewerGUI\Headvol\displayHeadvol.m
c:\jdubb\workspaces\homer2\PACKAGES\AtlasViewerGUI\Headvol\getHeadvol.m
c:\jdubb\workspaces\homer2\PACKAGES\AtlasViewerGUI\Headvol\initHeadvol.m
c:\jdubb\workspaces\homer2\PACKAGES\AtlasViewerGUI\Headvol\saveHeadvol.m
c:\jdubb\workspaces\homer2\PACKAGES\AtlasViewerGUI\Headvol\saveHeadvolOrient.m
c:\jdubb\workspaces\homer2\PACKAGES\AtlasViewerGUI\ImgRecon\ImageRecon.m
c:\jdubb\workspaces\homer2\PACKAGES\AtlasViewerGUI\ImgRecon\displayImgRecon.m
c:\jdubb\workspaces\homer2\PACKAGES\AtlasViewerGUI\ImgRecon\enableImgReconDisplay.m
c:\jdubb\workspaces\homer2\PACKAGES\AtlasViewerGUI\ImgRecon\enableImgReconGen.m
c:\jdubb\workspaces\homer2\PACKAGES\AtlasViewerGUI\ImgRecon\genImgReconMetrics.m
c:\jdubb\workspaces\homer2\PACKAGES\AtlasViewerGUI\ImgRecon\getImgRecon.m
c:\jdubb\workspaces\homer2\PACKAGES\AtlasViewerGUI\ImgRecon\initAimg_conc.m
c:\jdubb\workspaces\homer2\PACKAGES\AtlasViewerGUI\ImgRecon\initImgRecon.m
c:\jdubb\workspaces\homer2\PACKAGES\AtlasViewerGUI\ImgRecon\inputParamsImgRecon.m
c:\jdubb\workspaces\homer2\PACKAGES\AtlasViewerGUI\ImgRecon\register_atlas2subj.m
c:\jdubb\workspaces\homer2\PACKAGES\AtlasViewerGUI\ImgRecon\resetImgRecon.m
c:\jdubb\workspaces\homer2\PACKAGES\AtlasViewerGUI\ImgRecon\saveImgRecon.m
c:\jdubb\workspaces\homer2\PACKAGES\AtlasViewerGUI\ImgRecon\setImgReconColormap.m
c:\jdubb\workspaces\homer2\PACKAGES\AtlasViewerGUI\ImgRecon\setImgReconMetricsColormap.m
c:\jdubb\workspaces\homer2\PACKAGES\AtlasViewerGUI\ImgRecon\showImgReconDisplay.m
c:\jdubb\workspaces\homer2\PACKAGES\AtlasViewerGUI\Labelssurf\DistBtw.m
c:\jdubb\workspaces\homer2\PACKAGES\AtlasViewerGUI\Labelssurf\ProjectionBI.m
c:\jdubb\workspaces\homer2\PACKAGES\AtlasViewerGUI\Labelssurf\displayLabelssurf.m
c:\jdubb\workspaces\homer2\PACKAGES\AtlasViewerGUI\Labelssurf\getLabelssurf.m
c:\jdubb\workspaces\homer2\PACKAGES\AtlasViewerGUI\Labelssurf\initLabelssurf.m
c:\jdubb\workspaces\homer2\PACKAGES\AtlasViewerGUI\Labelssurf\initLabelssurfProbeProjection.m
c:\jdubb\workspaces\homer2\PACKAGES\AtlasViewerGUI\Labelssurf\resetLabelssurf.m
c:\jdubb\workspaces\homer2\PACKAGES\AtlasViewerGUI\Labelssurf\saveLabelssurf.m
c:\jdubb\workspaces\homer2\PACKAGES\AtlasViewerGUI\Pialsurf\displayPialsurf.m
c:\jdubb\workspaces\homer2\PACKAGES\AtlasViewerGUI\Pialsurf\getPialsurf.m
c:\jdubb\workspaces\homer2\PACKAGES\AtlasViewerGUI\Pialsurf\initPialsurf.m
c:\jdubb\workspaces\homer2\PACKAGES\AtlasViewerGUI\Pialsurf\savePialsurf.m
c:\jdubb\workspaces\homer2\PACKAGES\AtlasViewerGUI\Probe\displayProbe.m
c:\jdubb\workspaces\homer2\PACKAGES\AtlasViewerGUI\Probe\displaySprings.m
c:\jdubb\workspaces\homer2\PACKAGES\AtlasViewerGUI\Probe\drawMeasChannels.m
c:\jdubb\workspaces\homer2\PACKAGES\AtlasViewerGUI\Probe\findMeasMidPts.m
c:\jdubb\workspaces\homer2\PACKAGES\AtlasViewerGUI\Probe\getProbe.m
c:\jdubb\workspaces\homer2\PACKAGES\AtlasViewerGUI\Probe\initProbe.m
c:\jdubb\workspaces\homer2\PACKAGES\AtlasViewerGUI\Probe\initProbeProjection.m
c:\jdubb\workspaces\homer2\PACKAGES\AtlasViewerGUI\Probe\loadSD.m
c:\jdubb\workspaces\homer2\PACKAGES\AtlasViewerGUI\Probe\pullProbeToHeadsurf.m
c:\jdubb\workspaces\homer2\PACKAGES\AtlasViewerGUI\Probe\registerDigpts\C2S.m
c:\jdubb\workspaces\homer2\PACKAGES\AtlasViewerGUI\Probe\registerDigpts\ar_AlignPoints.m
c:\jdubb\workspaces\homer2\PACKAGES\AtlasViewerGUI\Probe\registerDigpts\getProbeRegMethod.m
c:\jdubb\workspaces\homer2\PACKAGES\AtlasViewerGUI\Probe\registerDigpts\reg_subj2atlas.m
c:\jdubb\workspaces\homer2\PACKAGES\AtlasViewerGUI\Probe\registerSprings\duplicate_anchors.m
c:\jdubb\workspaces\homer2\PACKAGES\AtlasViewerGUI\Probe\registerSprings\gen_positionprobe_dat.m
c:\jdubb\workspaces\homer2\PACKAGES\AtlasViewerGUI\Probe\registerSprings\getRegSpringError.m
c:\jdubb\workspaces\homer2\PACKAGES\AtlasViewerGUI\Probe\registerSprings\optconn_auto_gen.m
c:\jdubb\workspaces\homer2\PACKAGES\AtlasViewerGUI\Probe\registerSprings\positionprobe.m
c:\jdubb\workspaces\homer2\PACKAGES\AtlasViewerGUI\Probe\registerSprings\registerProbe2Head.m
c:\jdubb\workspaces\homer2\PACKAGES\AtlasViewerGUI\Probe\registerSprings\spring2posprobe.m
c:\jdubb\workspaces\homer2\PACKAGES\AtlasViewerGUI\Probe\registerSprings\write_positionprobe_dat.m
c:\jdubb\workspaces\homer2\PACKAGES\AtlasViewerGUI\Probe\resetProbe.m
c:\jdubb\workspaces\homer2\PACKAGES\AtlasViewerGUI\Probe\resetProbeGui.m
c:\jdubb\workspaces\homer2\PACKAGES\AtlasViewerGUI\Probe\setOptodeNumbering.m
c:\jdubb\workspaces\homer2\PACKAGES\AtlasViewerGUI\Probe\setProbeDisplay.m
c:\jdubb\workspaces\homer2\PACKAGES\AtlasViewerGUI\Probe\updateProbeGuiControls.m
c:\jdubb\workspaces\homer2\PACKAGES\AtlasViewerGUI\Probe\viewProbe.m
c:\jdubb\workspaces\homer2\PACKAGES\AtlasViewerGUI\Refpts\calcRefpts.m
c:\jdubb\workspaces\homer2\PACKAGES\AtlasViewerGUI\Refpts\calcRefptsAlongCurve.m
c:\jdubb\workspaces\homer2\PACKAGES\AtlasViewerGUI\Refpts\calcRefptsSmallscale.m
c:\jdubb\workspaces\homer2\PACKAGES\AtlasViewerGUI\Refpts\curve_gen.m
c:\jdubb\workspaces\homer2\PACKAGES\AtlasViewerGUI\Refpts\curve_walk.m
c:\jdubb\workspaces\homer2\PACKAGES\AtlasViewerGUI\Refpts\curvelen.m
c:\jdubb\workspaces\homer2\PACKAGES\AtlasViewerGUI\Refpts\displayRefpts.m
c:\jdubb\workspaces\homer2\PACKAGES\AtlasViewerGUI\Refpts\findCenterRefpts.m
c:\jdubb\workspaces\homer2\PACKAGES\AtlasViewerGUI\Refpts\findCorrespondingRefpts.m
c:\jdubb\workspaces\homer2\PACKAGES\AtlasViewerGUI\Refpts\find_curve_path.m
c:\jdubb\workspaces\homer2\PACKAGES\AtlasViewerGUI\Refpts\gen_sparcer_curve.m
c:\jdubb\workspaces\homer2\PACKAGES\AtlasViewerGUI\Refpts\getLandmarks.m
c:\jdubb\workspaces\homer2\PACKAGES\AtlasViewerGUI\Refpts\getOrientation.m
c:\jdubb\workspaces\homer2\PACKAGES\AtlasViewerGUI\Refpts\getRefpts.m
c:\jdubb\workspaces\homer2\PACKAGES\AtlasViewerGUI\Refpts\initRefpts.m
c:\jdubb\workspaces\homer2\PACKAGES\AtlasViewerGUI\Refpts\makeLandmarksBackwardCompatible.m
c:\jdubb\workspaces\homer2\PACKAGES\AtlasViewerGUI\Refpts\plane_equation.m
c:\jdubb\workspaces\homer2\PACKAGES\AtlasViewerGUI\Refpts\plane_surf_intersect.m
c:\jdubb\workspaces\homer2\PACKAGES\AtlasViewerGUI\Refpts\radiobuttonShowRefpts.m
c:\jdubb\workspaces\homer2\PACKAGES\AtlasViewerGUI\Refpts\saveRefpts.m
c:\jdubb\workspaces\homer2\PACKAGES\AtlasViewerGUI\Refpts\updateRefpts.m
c:\jdubb\workspaces\homer2\PACKAGES\AtlasViewerGUI\Tools\ellipse_1020_costfun.m
c:\jdubb\workspaces\homer2\PACKAGES\AtlasViewerGUI\Tools\plotProbePlacementVariation.m
c:\jdubb\workspaces\homer2\PACKAGES\AtlasViewerGUI\Utils\DistanceBetween.m
c:\jdubb\workspaces\homer2\PACKAGES\AtlasViewerGUI\Utils\MakePlot3D.m
c:\jdubb\workspaces\homer2\PACKAGES\AtlasViewerGUI\Utils\buildpathfrompathparts.m
c:\jdubb\workspaces\homer2\PACKAGES\AtlasViewerGUI\Utils\cell2array.m
c:\jdubb\workspaces\homer2\PACKAGES\AtlasViewerGUI\Utils\closeallwaitbars.m
c:\jdubb\workspaces\homer2\PACKAGES\AtlasViewerGUI\Utils\displayIntensityOnMesh.m
c:\jdubb\workspaces\homer2\PACKAGES\AtlasViewerGUI\Utils\dist3.m
c:\jdubb\workspaces\homer2\PACKAGES\AtlasViewerGUI\Utils\equal.m
c:\jdubb\workspaces\homer2\PACKAGES\AtlasViewerGUI\Utils\ezmapper2txt.m
c:\jdubb\workspaces\homer2\PACKAGES\AtlasViewerGUI\Utils\ffpath.m
c:\jdubb\workspaces\homer2\PACKAGES\AtlasViewerGUI\Utils\fieldvals.m
c:\jdubb\workspaces\homer2\PACKAGES\AtlasViewerGUI\Utils\fieldvalues.m
c:\jdubb\workspaces\homer2\PACKAGES\AtlasViewerGUI\Utils\findDotMFiles.m
c:\jdubb\workspaces\homer2\PACKAGES\AtlasViewerGUI\Utils\find_region_centers.m
c:\jdubb\workspaces\homer2\PACKAGES\AtlasViewerGUI\Utils\findcenter.m
c:\jdubb\workspaces\homer2\PACKAGES\AtlasViewerGUI\Utils\fs2viewer\create_hseg.m
c:\jdubb\workspaces\homer2\PACKAGES\AtlasViewerGUI\Utils\fs2viewer\fs2headvol.m
c:\jdubb\workspaces\homer2\PACKAGES\AtlasViewerGUI\Utils\fs2viewer\fs2pialsurf.m
c:\jdubb\workspaces\homer2\PACKAGES\AtlasViewerGUI\Utils\fs2viewer\gen_mri_nifti_files.m
c:\jdubb\workspaces\homer2\PACKAGES\AtlasViewerGUI\Utils\fs2viewer\getFs2Viewer.m
c:\jdubb\workspaces\homer2\PACKAGES\AtlasViewerGUI\Utils\fs2viewer\get_nii_vox2ras.m
c:\jdubb\workspaces\homer2\PACKAGES\AtlasViewerGUI\Utils\fs2viewer\headvol2headsurf.m
c:\jdubb\workspaces\homer2\PACKAGES\AtlasViewerGUI\Utils\fs2viewer\initFs2Viewer.m
c:\jdubb\workspaces\homer2\PACKAGES\AtlasViewerGUI\Utils\fs2viewer\isolatehead.m
c:\jdubb\workspaces\homer2\PACKAGES\AtlasViewerGUI\Utils\fs2viewer\load_bin.m
c:\jdubb\workspaces\homer2\PACKAGES\AtlasViewerGUI\Utils\fs2viewer\readsurf_trans.m
c:\jdubb\workspaces\homer2\PACKAGES\AtlasViewerGUI\Utils\fs2viewer\save_bin.m
c:\jdubb\workspaces\homer2\PACKAGES\AtlasViewerGUI\Utils\fs2viewer\segment_head.m
c:\jdubb\workspaces\homer2\PACKAGES\AtlasViewerGUI\Utils\fs2viewer\segment_head_vols.m
c:\jdubb\workspaces\homer2\PACKAGES\AtlasViewerGUI\Utils\fs2viewer\surf_file2vol.m
c:\jdubb\workspaces\homer2\PACKAGES\AtlasViewerGUI\Utils\fs2viewer\surface2volume.m
c:\jdubb\workspaces\homer2\PACKAGES\AtlasViewerGUI\Utils\fs2viewer\vol2constvol.m
c:\jdubb\workspaces\homer2\PACKAGES\AtlasViewerGUI\Utils\gen_bbox.m
c:\jdubb\workspaces\homer2\PACKAGES\AtlasViewerGUI\Utils\gen_blob.m
c:\jdubb\workspaces\homer2\PACKAGES\AtlasViewerGUI\Utils\gen_xform_from_pts.m
c:\jdubb\workspaces\homer2\PACKAGES\AtlasViewerGUI\Utils\getDesktopDir.m
c:\jdubb\workspaces\homer2\PACKAGES\AtlasViewerGUI\Utils\getFileDateStruct.m
c:\jdubb\workspaces\homer2\PACKAGES\AtlasViewerGUI\Utils\getpathparts.m
c:\jdubb\workspaces\homer2\PACKAGES\AtlasViewerGUI\Utils\img2mesh.m
c:\jdubb\workspaces\homer2\PACKAGES\AtlasViewerGUI\Utils\initMesh.m
c:\jdubb\workspaces\homer2\PACKAGES\AtlasViewerGUI\Utils\inputdlg_errcheck.m
c:\jdubb\workspaces\homer2\PACKAGES\AtlasViewerGUI\Utils\isemptyMesh.m
c:\jdubb\workspaces\homer2\PACKAGES\AtlasViewerGUI\Utils\ishandles.m
c:\jdubb\workspaces\homer2\PACKAGES\AtlasViewerGUI\Utils\isidentity.m
c:\jdubb\workspaces\homer2\PACKAGES\AtlasViewerGUI\Utils\isregistered.m
c:\jdubb\workspaces\homer2\PACKAGES\AtlasViewerGUI\Utils\istextfile.m
c:\jdubb\workspaces\homer2\PACKAGES\AtlasViewerGUI\Utils\leftRightFlipped.m
c:\jdubb\workspaces\homer2\PACKAGES\AtlasViewerGUI\Utils\load_fs_pial.m
c:\jdubb\workspaces\homer2\PACKAGES\AtlasViewerGUI\Utils\load_vox.m
c:\jdubb\workspaces\homer2\PACKAGES\AtlasViewerGUI\Utils\meshdensity.m
c:\jdubb\workspaces\homer2\PACKAGES\AtlasViewerGUI\Utils\nearest_point.m
c:\jdubb\workspaces\homer2\PACKAGES\AtlasViewerGUI\Utils\nifti\affine3d.m
c:\jdubb\workspaces\homer2\PACKAGES\AtlasViewerGUI\Utils\nifti\bipolar.m
c:\jdubb\workspaces\homer2\PACKAGES\AtlasViewerGUI\Utils\nifti\bresenham_line3d.m
c:\jdubb\workspaces\homer2\PACKAGES\AtlasViewerGUI\Utils\nifti\expand_nii_scan.m
c:\jdubb\workspaces\homer2\PACKAGES\AtlasViewerGUI\Utils\nifti\extra_nii_hdr.m
c:\jdubb\workspaces\homer2\PACKAGES\AtlasViewerGUI\Utils\nifti\flip_lr.m
c:\jdubb\workspaces\homer2\PACKAGES\AtlasViewerGUI\Utils\nifti\get_nii_frame.m
c:\jdubb\workspaces\homer2\PACKAGES\AtlasViewerGUI\Utils\nifti\load_nii.m
c:\jdubb\workspaces\homer2\PACKAGES\AtlasViewerGUI\Utils\nifti\load_nii_ext.m
c:\jdubb\workspaces\homer2\PACKAGES\AtlasViewerGUI\Utils\nifti\load_nii_hdr.m
c:\jdubb\workspaces\homer2\PACKAGES\AtlasViewerGUI\Utils\nifti\load_nii_img.m
c:\jdubb\workspaces\homer2\PACKAGES\AtlasViewerGUI\Utils\nifti\load_untouch0_nii_hdr.m
c:\jdubb\workspaces\homer2\PACKAGES\AtlasViewerGUI\Utils\nifti\load_untouch_nii.m
c:\jdubb\workspaces\homer2\PACKAGES\AtlasViewerGUI\Utils\nifti\load_untouch_nii_hdr.m
c:\jdubb\workspaces\homer2\PACKAGES\AtlasViewerGUI\Utils\nifti\make_nii.m
c:\jdubb\workspaces\homer2\PACKAGES\AtlasViewerGUI\Utils\nifti\mat_into_hdr.m
c:\jdubb\workspaces\homer2\PACKAGES\AtlasViewerGUI\Utils\nifti\reslice_nii.m
c:\jdubb\workspaces\homer2\PACKAGES\AtlasViewerGUI\Utils\nifti\rri_file_menu.m
c:\jdubb\workspaces\homer2\PACKAGES\AtlasViewerGUI\Utils\nifti\rri_orient.m
c:\jdubb\workspaces\homer2\PACKAGES\AtlasViewerGUI\Utils\nifti\rri_orient_ui.m
c:\jdubb\workspaces\homer2\PACKAGES\AtlasViewerGUI\Utils\nifti\rri_xhair.m
c:\jdubb\workspaces\homer2\PACKAGES\AtlasViewerGUI\Utils\nifti\rri_zoom_menu.m
c:\jdubb\workspaces\homer2\PACKAGES\AtlasViewerGUI\Utils\nifti\save_nii.m
c:\jdubb\workspaces\homer2\PACKAGES\AtlasViewerGUI\Utils\nifti\save_nii_ext.m
c:\jdubb\workspaces\homer2\PACKAGES\AtlasViewerGUI\Utils\nifti\save_nii_hdr.m
c:\jdubb\workspaces\homer2\PACKAGES\AtlasViewerGUI\Utils\nifti\save_untouch0_nii_hdr.m
c:\jdubb\workspaces\homer2\PACKAGES\AtlasViewerGUI\Utils\nifti\save_untouch_nii.m
c:\jdubb\workspaces\homer2\PACKAGES\AtlasViewerGUI\Utils\nifti\save_untouch_nii_hdr.m
c:\jdubb\workspaces\homer2\PACKAGES\AtlasViewerGUI\Utils\nifti\unxform_nii.m
c:\jdubb\workspaces\homer2\PACKAGES\AtlasViewerGUI\Utils\nifti\verify_nii_ext.m
c:\jdubb\workspaces\homer2\PACKAGES\AtlasViewerGUI\Utils\nifti\view_nii.m
c:\jdubb\workspaces\homer2\PACKAGES\AtlasViewerGUI\Utils\nifti\view_nii_menu.m
c:\jdubb\workspaces\homer2\PACKAGES\AtlasViewerGUI\Utils\nifti\xform_nii.m
c:\jdubb\workspaces\homer2\PACKAGES\AtlasViewerGUI\Utils\prepPtsStructForViewing.m
c:\jdubb\workspaces\homer2\PACKAGES\AtlasViewerGUI\Utils\pullPtsToSurf.m
c:\jdubb\workspaces\homer2\PACKAGES\AtlasViewerGUI\Utils\save_tiss_type.m
c:\jdubb\workspaces\homer2\PACKAGES\AtlasViewerGUI\Utils\save_vox.m
c:\jdubb\workspaces\homer2\PACKAGES\AtlasViewerGUI\Utils\viewPts.m
c:\jdubb\workspaces\homer2\PACKAGES\AtlasViewerGUI\Utils\viewsurf.m
c:\jdubb\workspaces\homer2\PACKAGES\AtlasViewerGUI\Utils\viewsurf2.m
c:\jdubb\workspaces\homer2\PACKAGES\AtlasViewerGUI\Utils\viewvol_in3d_isosurf.m
c:\jdubb\workspaces\homer2\PACKAGES\AtlasViewerGUI\Utils\viewvol_in3d_points.m
c:\jdubb\workspaces\homer2\PACKAGES\AtlasViewerGUI\Utils\xform_apply.m
c:\jdubb\workspaces\homer2\PACKAGES\AtlasViewerGUI\Utils\xform_apply_vol_smooth.m
c:\jdubb\workspaces\homer2\PACKAGES\AtlasViewerGUI\ezmapper\gethalfwaypt.m
c:\jdubb\workspaces\homer2\PACKAGES\AtlasViewerGUI\ezmapper\parseezs.m
c:\jdubb\workspaces\homer2\PACKAGES\AtlasViewerGUI\ezmapper\plotezsession.m
c:\jdubb\workspaces\homer2\PACKAGES\AtlasViewerGUI\ezmapper\plotezsessions.m
c:\jdubb\workspaces\homer2\PACKAGES\AtlasViewerGUI\ezmapper\regoptodes.m
c:\jdubb\workspaces\homer2\PACKAGES\AtlasViewerGUI\ezmapper\remapoptodes.m
c:\jdubb\workspaces\homer2\PACKAGES\AtlasViewerGUI\freesurfer\fread3.m
c:\jdubb\workspaces\homer2\PACKAGES\AtlasViewerGUI\freesurfer\fwrite3.m
c:\jdubb\workspaces\homer2\PACKAGES\AtlasViewerGUI\freesurfer\read_surf.m
c:\jdubb\workspaces\homer2\PACKAGES\AtlasViewerGUI\freesurfer\write_surf.m
c:\jdubb\workspaces\homer2\PACKAGES\AtlasViewerGUI\iso2mesh\deletemeshfile.m
c:\jdubb\workspaces\homer2\PACKAGES\AtlasViewerGUI\iso2mesh\elemvolume.m
c:\jdubb\workspaces\homer2\PACKAGES\AtlasViewerGUI\iso2mesh\faceneighbors.m
c:\jdubb\workspaces\homer2\PACKAGES\AtlasViewerGUI\iso2mesh\fallbackexeext.m
c:\jdubb\workspaces\homer2\PACKAGES\AtlasViewerGUI\iso2mesh\fillholes3d.m
c:\jdubb\workspaces\homer2\PACKAGES\AtlasViewerGUI\iso2mesh\finddisconnsurf.m
c:\jdubb\workspaces\homer2\PACKAGES\AtlasViewerGUI\iso2mesh\flatsegment.m
c:\jdubb\workspaces\homer2\PACKAGES\AtlasViewerGUI\iso2mesh\getexeext.m
c:\jdubb\workspaces\homer2\PACKAGES\AtlasViewerGUI\iso2mesh\getintersecttri.m
c:\jdubb\workspaces\homer2\PACKAGES\AtlasViewerGUI\iso2mesh\getoptkey.m
c:\jdubb\workspaces\homer2\PACKAGES\AtlasViewerGUI\iso2mesh\getplanefrom3pt.m
c:\jdubb\workspaces\homer2\PACKAGES\AtlasViewerGUI\iso2mesh\getvarfrom.m
c:\jdubb\workspaces\homer2\PACKAGES\AtlasViewerGUI\iso2mesh\iso2meshver.m
c:\jdubb\workspaces\homer2\PACKAGES\AtlasViewerGUI\iso2mesh\isoctavemesh.m
c:\jdubb\workspaces\homer2\PACKAGES\AtlasViewerGUI\iso2mesh\loadjson.m
c:\jdubb\workspaces\homer2\PACKAGES\AtlasViewerGUI\iso2mesh\maxsurf.m
c:\jdubb\workspaces\homer2\PACKAGES\AtlasViewerGUI\iso2mesh\mcpath.m
c:\jdubb\workspaces\homer2\PACKAGES\AtlasViewerGUI\iso2mesh\mergestruct.m
c:\jdubb\workspaces\homer2\PACKAGES\AtlasViewerGUI\iso2mesh\mergesurf.m
c:\jdubb\workspaces\homer2\PACKAGES\AtlasViewerGUI\iso2mesh\meshabox.m
c:\jdubb\workspaces\homer2\PACKAGES\AtlasViewerGUI\iso2mesh\meshasphere.m
c:\jdubb\workspaces\homer2\PACKAGES\AtlasViewerGUI\iso2mesh\meshcheckrepair.m
c:\jdubb\workspaces\homer2\PACKAGES\AtlasViewerGUI\iso2mesh\meshconn.m
c:\jdubb\workspaces\homer2\PACKAGES\AtlasViewerGUI\iso2mesh\meshedge.m
c:\jdubb\workspaces\homer2\PACKAGES\AtlasViewerGUI\iso2mesh\mesheuler.m
c:\jdubb\workspaces\homer2\PACKAGES\AtlasViewerGUI\iso2mesh\meshquality.m
c:\jdubb\workspaces\homer2\PACKAGES\AtlasViewerGUI\iso2mesh\meshrefine.m
c:\jdubb\workspaces\homer2\PACKAGES\AtlasViewerGUI\iso2mesh\meshreorient.m
c:\jdubb\workspaces\homer2\PACKAGES\AtlasViewerGUI\iso2mesh\meshresample.m
c:\jdubb\workspaces\homer2\PACKAGES\AtlasViewerGUI\iso2mesh\mwpath.m
c:\jdubb\workspaces\homer2\PACKAGES\AtlasViewerGUI\iso2mesh\neighborelem.m
c:\jdubb\workspaces\homer2\PACKAGES\AtlasViewerGUI\iso2mesh\raytrace.m
c:\jdubb\workspaces\homer2\PACKAGES\AtlasViewerGUI\iso2mesh\readoff.m
c:\jdubb\workspaces\homer2\PACKAGES\AtlasViewerGUI\iso2mesh\readtetgen.m
c:\jdubb\workspaces\homer2\PACKAGES\AtlasViewerGUI\iso2mesh\remeshsurf.m
c:\jdubb\workspaces\homer2\PACKAGES\AtlasViewerGUI\iso2mesh\removedupelem.m
c:\jdubb\workspaces\homer2\PACKAGES\AtlasViewerGUI\iso2mesh\removedupnodes.m
c:\jdubb\workspaces\homer2\PACKAGES\AtlasViewerGUI\iso2mesh\removeisolatednode.m
c:\jdubb\workspaces\homer2\PACKAGES\AtlasViewerGUI\iso2mesh\removeisolatedsurf.m
c:\jdubb\workspaces\homer2\PACKAGES\AtlasViewerGUI\iso2mesh\saveinr.m
c:\jdubb\workspaces\homer2\PACKAGES\AtlasViewerGUI\iso2mesh\savemphtxt.m
c:\jdubb\workspaces\homer2\PACKAGES\AtlasViewerGUI\iso2mesh\saveoff.m
c:\jdubb\workspaces\homer2\PACKAGES\AtlasViewerGUI\iso2mesh\savesmf.m
c:\jdubb\workspaces\homer2\PACKAGES\AtlasViewerGUI\iso2mesh\savestl.m
c:\jdubb\workspaces\homer2\PACKAGES\AtlasViewerGUI\iso2mesh\surfreorient.m
c:\jdubb\workspaces\homer2\PACKAGES\AtlasViewerGUI\iso2mesh\varargin2struct.m
c:\jdubb\workspaces\homer2\PACKAGES\AtlasViewerGUI\metch\affinemap.m
c:\jdubb\workspaces\homer2\PACKAGES\AtlasViewerGUI\metch\dist2surf.m
c:\jdubb\workspaces\homer2\PACKAGES\AtlasViewerGUI\metch\getplanefrom3pt.m
c:\jdubb\workspaces\homer2\PACKAGES\AtlasViewerGUI\metch\linextriangle.m
c:\jdubb\workspaces\homer2\PACKAGES\AtlasViewerGUI\metch\nodesurfnorm.m
c:\jdubb\workspaces\homer2\PACKAGES\AtlasViewerGUI\metch\proj2mesh.m
c:\jdubb\workspaces\homer2\PACKAGES\AtlasViewerGUI\metch\regpt2surf.m
c:\jdubb\workspaces\homer2\PACKAGES\AtlasViewerGUI\metch\trisurfnorm.m
c:\jdubb\workspaces\homer2\PACKAGES\AtlasViewerGUI\uipanelBrainDisplay.m
c:\jdubb\workspaces\homer2\PACKAGES\SDgui\SDgui.m
c:\jdubb\workspaces\homer2\PACKAGES\SDgui\SDgui_version.m
c:\jdubb\workspaces\homer2\PACKAGES\SDgui\getOptPosFromAxes.m
c:\jdubb\workspaces\homer2\PACKAGES\SDgui\get_pt_from_buttondown.m
c:\jdubb\workspaces\homer2\PACKAGES\SDgui\lambda\wavelength1_edit_ButtonDownFcn.m
c:\jdubb\workspaces\homer2\PACKAGES\SDgui\lambda\wavelength1_edit_CreateFcn.m
c:\jdubb\workspaces\homer2\PACKAGES\SDgui\lambda\wavelength1_edit_Update.m
c:\jdubb\workspaces\homer2\PACKAGES\SDgui\lambda\wavelength2_edit_ButtonDownFcn.m
c:\jdubb\workspaces\homer2\PACKAGES\SDgui\lambda\wavelength2_edit_CreateFcn.m
c:\jdubb\workspaces\homer2\PACKAGES\SDgui\lambda\wavelength2_edit_Update.m
c:\jdubb\workspaces\homer2\PACKAGES\SDgui\lambda\wavelength3_edit_ButtonDownFcn.m
c:\jdubb\workspaces\homer2\PACKAGES\SDgui\lambda\wavelength3_edit_CreateFcn.m
c:\jdubb\workspaces\homer2\PACKAGES\SDgui\lambda\wavelength3_edit_Update.m
c:\jdubb\workspaces\homer2\PACKAGES\SDgui\lambda\wavelength_edit_Callback.m
c:\jdubb\workspaces\homer2\PACKAGES\SDgui\optode_tbls\error_check_optode_tbls.m
c:\jdubb\workspaces\homer2\PACKAGES\SDgui\optode_tbls\optode_det_tbl_CellEditCallback.m
c:\jdubb\workspaces\homer2\PACKAGES\SDgui\optode_tbls\optode_det_tbl_CellSelectionCallback.m
c:\jdubb\workspaces\homer2\PACKAGES\SDgui\optode_tbls\optode_det_tbl_Clear.m
c:\jdubb\workspaces\homer2\PACKAGES\SDgui\optode_tbls\optode_det_tbl_CreateFcn.m
c:\jdubb\workspaces\homer2\PACKAGES\SDgui\optode_tbls\optode_det_tbl_Init.m
c:\jdubb\workspaces\homer2\PACKAGES\SDgui\optode_tbls\optode_det_tbl_get_tbl_data.m
c:\jdubb\workspaces\homer2\PACKAGES\SDgui\optode_tbls\optode_src_tbl_CellEditCallback.m
c:\jdubb\workspaces\homer2\PACKAGES\SDgui\optode_tbls\optode_src_tbl_CellSelectionCallback.m
c:\jdubb\workspaces\homer2\PACKAGES\SDgui\optode_tbls\optode_src_tbl_Clear.m
c:\jdubb\workspaces\homer2\PACKAGES\SDgui\optode_tbls\optode_src_tbl_CreateFcn.m
c:\jdubb\workspaces\homer2\PACKAGES\SDgui\optode_tbls\optode_src_tbl_GetSize.m
c:\jdubb\workspaces\homer2\PACKAGES\SDgui\optode_tbls\optode_src_tbl_Init.m
c:\jdubb\workspaces\homer2\PACKAGES\SDgui\optode_tbls\optode_src_tbl_get_tbl_data.m
c:\jdubb\workspaces\homer2\PACKAGES\SDgui\optode_tbls\optode_src_tbl_srcmap_show_Callback.m
c:\jdubb\workspaces\homer2\PACKAGES\SDgui\optode_tbls\optode_src_tbl_srcmap_show_GetVal.m
c:\jdubb\workspaces\homer2\PACKAGES\SDgui\optode_tbls\optode_src_tbl_srcmap_show_UpdateSrcTbl.m
c:\jdubb\workspaces\homer2\PACKAGES\SDgui\optode_tbls\optode_tbls_Hide.m
c:\jdubb\workspaces\homer2\PACKAGES\SDgui\optode_tbls2\error_check_optode_dummy_tbl.m
c:\jdubb\workspaces\homer2\PACKAGES\SDgui\optode_tbls2\error_check_optode_tbls2.m
c:\jdubb\workspaces\homer2\PACKAGES\SDgui\optode_tbls2\optode_anchor_tbl_CellEditCallback.m
c:\jdubb\workspaces\homer2\PACKAGES\SDgui\optode_tbls2\optode_anchor_tbl_CellSelectionCallback.m
c:\jdubb\workspaces\homer2\PACKAGES\SDgui\optode_tbls2\optode_anchor_tbl_Clear.m
c:\jdubb\workspaces\homer2\PACKAGES\SDgui\optode_tbls2\optode_anchor_tbl_CreateFcn.m
c:\jdubb\workspaces\homer2\PACKAGES\SDgui\optode_tbls2\optode_anchor_tbl_ErrCheck.m
c:\jdubb\workspaces\homer2\PACKAGES\SDgui\optode_tbls2\optode_anchor_tbl_GetSize.m
c:\jdubb\workspaces\homer2\PACKAGES\SDgui\optode_tbls2\optode_anchor_tbl_Init.m
c:\jdubb\workspaces\homer2\PACKAGES\SDgui\optode_tbls2\optode_anchor_tbl_Update.m
c:\jdubb\workspaces\homer2\PACKAGES\SDgui\optode_tbls2\optode_anchor_tbl_get_tbl_data.m
c:\jdubb\workspaces\homer2\PACKAGES\SDgui\optode_tbls2\optode_dummy_tbl_CellEditCallback.m
c:\jdubb\workspaces\homer2\PACKAGES\SDgui\optode_tbls2\optode_dummy_tbl_CellSelectionCallback.m
c:\jdubb\workspaces\homer2\PACKAGES\SDgui\optode_tbls2\optode_dummy_tbl_Clear.m
c:\jdubb\workspaces\homer2\PACKAGES\SDgui\optode_tbls2\optode_dummy_tbl_CreateFcn.m
c:\jdubb\workspaces\homer2\PACKAGES\SDgui\optode_tbls2\optode_dummy_tbl_GetSize.m
c:\jdubb\workspaces\homer2\PACKAGES\SDgui\optode_tbls2\optode_dummy_tbl_Init.m
c:\jdubb\workspaces\homer2\PACKAGES\SDgui\optode_tbls2\optode_dummy_tbl_Update.m
c:\jdubb\workspaces\homer2\PACKAGES\SDgui\optode_tbls2\optode_dummy_tbl_UpdateNum.m
c:\jdubb\workspaces\homer2\PACKAGES\SDgui\optode_tbls2\optode_spring_tbl_CellEditCallback.m
c:\jdubb\workspaces\homer2\PACKAGES\SDgui\optode_tbls2\optode_spring_tbl_CellSelectionCallback.m
c:\jdubb\workspaces\homer2\PACKAGES\SDgui\optode_tbls2\optode_spring_tbl_Clear.m
c:\jdubb\workspaces\homer2\PACKAGES\SDgui\optode_tbls2\optode_spring_tbl_CreateFcn.m
c:\jdubb\workspaces\homer2\PACKAGES\SDgui\optode_tbls2\optode_spring_tbl_GetSize.m
c:\jdubb\workspaces\homer2\PACKAGES\SDgui\optode_tbls2\optode_spring_tbl_Init.m
c:\jdubb\workspaces\homer2\PACKAGES\SDgui\optode_tbls2\optode_spring_tbl_Update.m
c:\jdubb\workspaces\homer2\PACKAGES\SDgui\optode_tbls2\optode_spring_tbl_get_tbl_data.m
c:\jdubb\workspaces\homer2\PACKAGES\SDgui\optode_tbls2\optode_tbls2_Hide.m
c:\jdubb\workspaces\homer2\PACKAGES\SDgui\probe_geometry_axes\getMeasListFromAxes.m
c:\jdubb\workspaces\homer2\PACKAGES\SDgui\probe_geometry_axes\probe_geometry_axes_ButtonDownFcn.m
c:\jdubb\workspaces\homer2\PACKAGES\SDgui\probe_geometry_axes\probe_geometry_axes_Clear.m
c:\jdubb\workspaces\homer2\PACKAGES\SDgui\probe_geometry_axes\probe_geometry_axes_CreateFcn.m
c:\jdubb\workspaces\homer2\PACKAGES\SDgui\probe_geometry_axes\probe_geometry_axes_DetUpdate.m
c:\jdubb\workspaces\homer2\PACKAGES\SDgui\probe_geometry_axes\probe_geometry_axes_DummyUpdate.m
c:\jdubb\workspaces\homer2\PACKAGES\SDgui\probe_geometry_axes\probe_geometry_axes_GetUserData.m
c:\jdubb\workspaces\homer2\PACKAGES\SDgui\probe_geometry_axes\probe_geometry_axes_Hide.m
c:\jdubb\workspaces\homer2\PACKAGES\SDgui\probe_geometry_axes\probe_geometry_axes_Init.m
c:\jdubb\workspaces\homer2\PACKAGES\SDgui\probe_geometry_axes\probe_geometry_axes_SetAxisEqual.m
c:\jdubb\workspaces\homer2\PACKAGES\SDgui\probe_geometry_axes\probe_geometry_axes_SrcUpdate.m
c:\jdubb\workspaces\homer2\PACKAGES\SDgui\probe_geometry_axes\set_view_probe_geometry_axes.m
c:\jdubb\workspaces\homer2\PACKAGES\SDgui\probe_geometry_axes2\getSpringListFromAxes.m
c:\jdubb\workspaces\homer2\PACKAGES\SDgui\probe_geometry_axes2\probe_geometry_axes2_ButtonDownFcn.m
c:\jdubb\workspaces\homer2\PACKAGES\SDgui\probe_geometry_axes2\probe_geometry_axes2_Clear.m
c:\jdubb\workspaces\homer2\PACKAGES\SDgui\probe_geometry_axes2\probe_geometry_axes2_CreateFcn.m
c:\jdubb\workspaces\homer2\PACKAGES\SDgui\probe_geometry_axes2\probe_geometry_axes2_GetUserData.m
c:\jdubb\workspaces\homer2\PACKAGES\SDgui\probe_geometry_axes2\probe_geometry_axes2_Hide.m
c:\jdubb\workspaces\homer2\PACKAGES\SDgui\probe_geometry_axes2\probe_geometry_axes2_Init.m
c:\jdubb\workspaces\homer2\PACKAGES\SDgui\probe_geometry_axes2\probe_geometry_axes2_OptUpdate.m
c:\jdubb\workspaces\homer2\PACKAGES\SDgui\probe_geometry_axes2\probe_geometry_axes2_SetAxisEqual.m
c:\jdubb\workspaces\homer2\PACKAGES\SDgui\probe_geometry_axes2\probe_geometry_axes2_edges_ButtonDownFcn.m
c:\jdubb\workspaces\homer2\PACKAGES\SDgui\probe_geometry_axes2\set_view_probe_geometry_axes2.m
c:\jdubb\workspaces\homer2\PACKAGES\SDgui\sd_data\sd_data_AddDetPos.m
c:\jdubb\workspaces\homer2\PACKAGES\SDgui\sd_data\sd_data_AddDummyPos.m
c:\jdubb\workspaces\homer2\PACKAGES\SDgui\sd_data\sd_data_AddEditDummy.m
c:\jdubb\workspaces\homer2\PACKAGES\SDgui\sd_data\sd_data_AddEditSpring.m
c:\jdubb\workspaces\homer2\PACKAGES\SDgui\sd_data\sd_data_AddSrcPos.m
c:\jdubb\workspaces\homer2\PACKAGES\SDgui\sd_data\sd_data_Clear.m
c:\jdubb\workspaces\homer2\PACKAGES\SDgui\sd_data\sd_data_Create.m
c:\jdubb\workspaces\homer2\PACKAGES\SDgui\sd_data\sd_data_DeleteDetPos.m
c:\jdubb\workspaces\homer2\PACKAGES\SDgui\sd_data\sd_data_DeleteDummyPos.m
c:\jdubb\workspaces\homer2\PACKAGES\SDgui\sd_data\sd_data_DeleteSpring.m
c:\jdubb\workspaces\homer2\PACKAGES\SDgui\sd_data\sd_data_DeleteSrcMapEntry.m
c:\jdubb\workspaces\homer2\PACKAGES\SDgui\sd_data\sd_data_DeleteSrcPos.m
c:\jdubb\workspaces\homer2\PACKAGES\SDgui\sd_data\sd_data_ErrorFix.m
c:\jdubb\workspaces\homer2\PACKAGES\SDgui\sd_data\sd_data_Get.m
c:\jdubb\workspaces\homer2\PACKAGES\SDgui\sd_data\sd_data_GetAnchorList.m
c:\jdubb\workspaces\homer2\PACKAGES\SDgui\sd_data\sd_data_GetMeasList.m
c:\jdubb\workspaces\homer2\PACKAGES\SDgui\sd_data\sd_data_GetNwl.m
c:\jdubb\workspaces\homer2\PACKAGES\SDgui\sd_data\sd_data_GetSpringList.m
c:\jdubb\workspaces\homer2\PACKAGES\SDgui\sd_data\sd_data_Init.m
c:\jdubb\workspaces\homer2\PACKAGES\SDgui\sd_data\sd_data_Set.m
c:\jdubb\workspaces\homer2\PACKAGES\SDgui\sd_data\sd_data_SetAnchorList.m
c:\jdubb\workspaces\homer2\PACKAGES\SDgui\sd_data\sd_data_SetDetPos.m
c:\jdubb\workspaces\homer2\PACKAGES\SDgui\sd_data\sd_data_SetDummyPos.m
c:\jdubb\workspaces\homer2\PACKAGES\SDgui\sd_data\sd_data_SetLambda.m
c:\jdubb\workspaces\homer2\PACKAGES\SDgui\sd_data\sd_data_SetMeasList.m
c:\jdubb\workspaces\homer2\PACKAGES\SDgui\sd_data\sd_data_SetSpringList.m
c:\jdubb\workspaces\homer2\PACKAGES\SDgui\sd_data\sd_data_SetSrcMap.m
c:\jdubb\workspaces\homer2\PACKAGES\SDgui\sd_data\sd_data_SetSrcMapDefault.m
c:\jdubb\workspaces\homer2\PACKAGES\SDgui\sd_data\sd_data_SetSrcMapEntry.m
c:\jdubb\workspaces\homer2\PACKAGES\SDgui\sd_data\sd_data_SetSrcPos.m
c:\jdubb\workspaces\homer2\PACKAGES\SDgui\sd_data\sd_data_UpdateSpringList.m
c:\jdubb\workspaces\homer2\PACKAGES\SDgui\sd_file\sd_file_load.m
c:\jdubb\workspaces\homer2\PACKAGES\SDgui\sd_file\sd_file_load_bttn_Callback.m
c:\jdubb\workspaces\homer2\PACKAGES\SDgui\sd_file\sd_file_open.m
c:\jdubb\workspaces\homer2\PACKAGES\SDgui\sd_file\sd_file_panel_Clear.m
c:\jdubb\workspaces\homer2\PACKAGES\SDgui\sd_file\sd_file_panel_CreateFcn.m
c:\jdubb\workspaces\homer2\PACKAGES\SDgui\sd_file\sd_file_panel_GetErrMsgHandle.m
c:\jdubb\workspaces\homer2\PACKAGES\SDgui\sd_file\sd_file_panel_GetPathname.m
c:\jdubb\workspaces\homer2\PACKAGES\SDgui\sd_file\sd_file_panel_GetPos.m
c:\jdubb\workspaces\homer2\PACKAGES\SDgui\sd_file\sd_file_panel_SetErrMsgHandle.m
c:\jdubb\workspaces\homer2\PACKAGES\SDgui\sd_file\sd_file_panel_SetPathname.m
c:\jdubb\workspaces\homer2\PACKAGES\SDgui\sd_file\sd_file_save.m
c:\jdubb\workspaces\homer2\PACKAGES\SDgui\sd_file\sd_file_save2nirs.m
c:\jdubb\workspaces\homer2\PACKAGES\SDgui\sd_file\sd_file_save_bttn_Callback.m
c:\jdubb\workspaces\homer2\PACKAGES\SDgui\sd_file\sd_filename_edit_Get.m
c:\jdubb\workspaces\homer2\PACKAGES\SDgui\sd_file\sd_filename_edit_Set.m
c:\jdubb\workspaces\homer2\PACKAGES\SDgui\set_threshold.m
c:\jdubb\workspaces\homer2\PACKAGES\SDgui\sort_ml.m
c:\jdubb\workspaces\homer2\PACKAGES\SDgui\sort_sl.m
c:\jdubb\workspaces\homer2\PACKAGES\SDgui\utils\distmatrix.m
c:\jdubb\workspaces\homer2\PACKAGES\SDgui\utils\redraw_text.m
c:\jdubb\workspaces\homer2\PACKAGES\SDgui\utils\redraw_text_many.m
c:\jdubb\workspaces\homer2\PACKAGES\SDgui\utils\resize_axes.m
